{
        'level': 'INFO',
        'message': 'Unidentified error',
        'timestamp': '2024-06-21T17:32:27',
    } 
{
        'level': 'INFO',
        'message': 'App is running successfully at port 4000',
        'timestamp': '2024-06-21T17:34:16',
    } 
{
        'level': 'INFO',
        'message': 'App is running successfully at port 4000',
        'timestamp': '2024-06-21T17:36:37',
    } 
{
        'level': 'INFO',
        'message': 'App is running successfully at port 4000',
        'timestamp': '2024-06-21T17:40:42',
    } 
{
        'level': 'INFO',
        'message': 'App is running successfully at port 4000',
        'timestamp': '2024-06-21T17:44:56',
    } 
{
        'level': 'INFO',
        'message': 'App is running successfully at port 4000',
        'timestamp': '2024-06-21T17:45:58',
    } 
{
        'level': 'INFO',
        'message': 'DB connected successfully',
        'timestamp': '2024-06-21T17:46:04',
    } 
{
        'level': 'INFO',
        'message': 'App is running successfully at port 4000',
        'timestamp': '2024-06-21T17:48:30',
    } 
{
        'level': 'INFO',
        'message': '[object Object]',
        'timestamp': '2024-06-21T17:48:36',
    } 
{
        'level': 'INFO',
        'message': 'App is running successfully at port 4000',
        'timestamp': '2024-06-21T17:50:12',
    } 
{
        'level': 'INFO',
        'message': '[object Object]',
        'timestamp': '2024-06-21T17:50:19',
    } 
{
        'level': 'INFO',
        'message': 'App is running successfully at port 4000',
        'timestamp': '2024-06-21T17:51:07',
    } 
{
        'level': 'INFO',
        'message': 'DB connected successfully',
        'timestamp': '2024-06-21T17:51:13',
    } 
{
        'level': 'INFO',
        'message': 'App is running successfully at port 4000',
        'timestamp': '2024-06-21T17:52:17',
    } 
{
        'level': 'INFO',
        'message': 'DB connected successfully',
        'timestamp': '2024-06-21T17:52:23',
    } 
{
        'level': 'INFO',
        'message': 'App is running successfully at port 4000',
        'timestamp': '2024-06-21T17:54:50',
    } 
{
        'level': 'INFO',
        'message': 'DB connected successfully',
        'timestamp': '2024-06-21T17:54:56',
    } 
{
        'level': 'INFO',
        'message': 'App is running successfully at port 4000',
        'timestamp': '2024-06-21T18:00:10',
    } 
{
        'level': 'INFO',
        'message': 'App is running successfully at port 4000',
        'timestamp': '2024-06-21T18:01:01',
    } 
